[{"string":"   ","type":"text"},{"string":"  /","type":"text"},{"string":"ðŸ“Ž","type":"text"},{"string":"Running \"flutter pub get\" in fl_5254...                             1.6s","type":"text"},{"string":"You are building a fat APK that includes binaries for android-arm, android-arm64, android-x64.","type":"text"},{"string":"If you are deploying the app to the Play Store, it's recommended to use app bundles or split the APK to reduce the APK size.","type":"text"},{"string":"    To generate an app bundle, run:","type":"text"},{"string":"        flutter build appbundle --target-platform android-arm,android-arm64,android-x64","type":"text"},{"string":"        Learn more on: https://developer.android.com/guide/app-bundle","type":"text"},{"string":"    To split the APKs per ABI, run:","type":"text"},{"string":"        flutter build apk --target-platform android-arm,android-arm64,android-x64 --split-per-abi","type":"text"},{"string":"        Learn more on:  https://developer.android.com/studio/build/configure-apk-splits#configure-abi-split","type":"text"},{"string":"Running Gradle task 'assembleRelease'...                        ","type":"text"},{"string":"   ","type":"text"},{"string":"  /","type":"text"},{"string":"","type":"text"},{"string":"ðŸ“Ž","type":"text"},{"string":"","type":"error"},{"string":"Compiler message:","type":"error"},{"string":"","type":"text"},{"string":"lib/main.dart:11:6: Error: Getter not found: 'Override'.","type":"error"},{"string":"","type":"text"},{"string":"    @Override","type":"error"},{"string":"","type":"text"},{"string":"     ^^^^^^^^","type":"error"},{"string":"","type":"text"},{"string":"lib/main.dart:11:6: Error: This can't be used as metadata; metadata should be a reference to a compile-time constant variable, or a call to a constant constructor.","type":"error"},{"string":"","type":"text"},{"string":"    @Override","type":"error"},{"string":"","type":"text"},{"string":"     ^","type":"error"},{"string":"","type":"text"},{"string":"Target kernel_snapshot failed: Exception: Errors during snapshot creation: null","type":"error"},{"string":"","type":"text"},{"string":"build failed.","type":"error"},{"string":"","type":"text"},{"string":"FAILURE: Build failed with an exception.","type":"error"},{"string":"","type":"error"},{"string":"* Where:","type":"error"},{"string":"Script '/buildtools/flutter/packages/flutter_tools/gradle/flutter.gradle' line: 882","type":"error"},{"string":"","type":"error"},{"string":"* What went wrong:","type":"error"},{"string":"Execution failed for task ':app:compileFlutterBuildRelease'.","type":"error"},{"string":"&gt; Process 'command '/buildtools/flutter/bin/flutter'' finished with non-zero exit value 1","type":"error"},{"string":"","type":"error"},{"string":"* Try:","type":"error"},{"string":"","type":"text"},{"string":"Run with --stacktrace option to get the stack trace. Run with --info or --debug option to get more log output. Run with --scan to get full insights.","type":"error"},{"string":"","type":"text"},{"string":"* Get more help at https://help.gradle.org","type":"error"},{"string":"","type":"text"},{"string":"BUILD FAILED in 27s","type":"error"},{"string":"Running Gradle task 'assembleRelease'...                           29.0s","type":"text"},{"string":"Gradle task assembleRelease failed with exit code 1","type":"error"}]